Arguments: 
  C:\Program Files\nodejs\node.exe C:\Users\minjun park\AppData\Roaming\npm\node_modules\yarn\bin\yarn.js dev

PATH: 
  C:\Program Files (x86)\Common Files\Oracle\Java\javapath;C:\WINDOWS\system32;C:\WINDOWS;C:\WINDOWS\System32\Wbem;C:\WINDOWS\System32\WindowsPowerShell\v1.0\;C:\WINDOWS\System32\OpenSSH\;C:\Program Files\Java\jdk1.8.0_241\bin;C:\ProgramData\chocolatey\bin;C:\Program Files\PuTTY\;C:\Program Files\Git\cmd;C:\Program Files\nodejs\;C:\Users\minjun park\AppData\Local\Microsoft\WindowsApps;C:\Program Files\Bandizip\;C:\tools\dart-sdk\bin;C:\Users\minjun park\AppData\Roaming\Pub\Cache\bin;C:\Users\minjun park\AppData\Local\Pub\Cache\bin;C:\Program Files\Java\jdk1.8.0_241\bin;C:\Users\minjun park\AppData\Local\Programs\Microsoft VS Code\bin;C:\Users\minjun park\AppData\Roaming\npm;C:\Program Files\JetBrains\IntelliJ IDEA 2020.2.3\bin;;

Yarn version: 
  1.22.10

Node version: 
  12.18.4

Platform: 
  win32 x64

Trace: 
  SyntaxError: C:\IntelliJ_WorkSpace\cssystem\package.json: Unexpected token / in JSON at position 67
      at JSON.parse (<anonymous>)
      at C:\Users\minjun park\AppData\Roaming\npm\node_modules\yarn\lib\cli.js:1625:59
      at Generator.next (<anonymous>)
      at step (C:\Users\minjun park\AppData\Roaming\npm\node_modules\yarn\lib\cli.js:310:30)
      at C:\Users\minjun park\AppData\Roaming\npm\node_modules\yarn\lib\cli.js:321:13

npm manifest: 
  {
    "name": "cssystem",
    "version": "1.0.0",
    "description": "",
  //  "main": "index.js",
    "scripts": {
      "test": "echo \"Error: no test specified\" && exit 1",
      "front": "cd front && yarn start",
      "server": "nodemon server.js",
      "dev": "concurrently --kill-others-on-fail \"yarn server\" \"yarn front\""
    },
    "author": "",
    "license": "ISC",
    "dependencies": {
      "concurrently": "^5.3.0",
      "express": "^4.17.1",
      "nodemon": "^2.0.6"
    }
  }

yarn manifest: 
  No manifest

Lockfile: 
  No lockfile
